#-----------------------------------------------------------
# Vivado v2018.1 (64-bit)
# SW Build 2188600 on Wed Apr  4 18:39:19 MDT 2018
# IP Build 2185939 on Wed Apr  4 20:55:05 MDT 2018
# Start of session at: Fri Sep 21 14:03:13 2018
# Process ID: 27293
# Current directory: /home/idlab-52/Desktop/GitVivado/WATCHMAN/Vivado_Projects/AXI_LITE
# Command line: vivado
# Log file: /home/idlab-52/Desktop/GitVivado/WATCHMAN/Vivado_Projects/AXI_LITE/vivado.log
# Journal file: /home/idlab-52/Desktop/GitVivado/WATCHMAN/Vivado_Projects/AXI_LITE/vivado.jou
#-----------------------------------------------------------
start_gui
create_project simple_reg /home/idlab-52/Desktop/GitVivado/WATCHMAN/Vivado_Projects/AXI_LITE/simple_reg -part xc7z010clg400-1
INFO: [IP_Flow 19-234] Refreshing IP repositories
INFO: [IP_Flow 19-1704] No user IP repositories specified
INFO: [IP_Flow 19-2313] Loaded Vivado IP repository '/opt/Xilinx/Vivado/2018.1/data/ip'.
create_project: Time (s): cpu = 00:00:13 ; elapsed = 00:00:06 . Memory (MB): peak = 6160.340 ; gain = 93.898 ; free physical = 8397 ; free virtual = 30154
set_property board_part em.avnet.com:microzed_7010:part0:1.1 [current_project]
set_property target_language VHDL [current_project]
exit
INFO: [Common 17-206] Exiting Vivado at Fri Sep 21 14:14:58 2018...
