Copyright 1986-2018 Xilinx, Inc. All Rights Reserved.
------------------------------------------------------------------------------------
| Tool Version : Vivado v.2018.2 (lin64) Build 2258646 Thu Jun 14 20:02:38 MDT 2018
| Date         : Fri Sep 28 16:28:03 2018
| Host         : jonathan-Latitude-E7450 running 64-bit Linux Mint 18.1 Serena
| Command      : upgrade_ip
| Device       : xc7z010clg400-1
------------------------------------------------------------------------------------

Upgrade Log for IP 'base_zynq_AXIS_Test_Component_0_0'

1. Summary
----------

SUCCESS in the upgrade of base_zynq_AXIS_Test_Component_0_0 (user.org:user:AXIS_Test_Component:1.0) from (Rev. 4) to (Rev. 5)






Copyright 1986-2018 Xilinx, Inc. All Rights Reserved.
------------------------------------------------------------------------------------
| Tool Version : Vivado v.2018.2 (lin64) Build 2258646 Thu Jun 14 20:02:38 MDT 2018
| Date         : Fri Sep 28 13:53:21 2018
| Host         : jonathan-Latitude-E7450 running 64-bit Linux Mint 18.1 Serena
| Command      : upgrade_ip
| Device       : xc7z010clg400-1
------------------------------------------------------------------------------------

Upgrade Log for IP 'base_zynq_AXIS_Test_Component_0_0'

1. Summary
----------

SUCCESS in the upgrade of base_zynq_AXIS_Test_Component_0_0 (user.org:user:AXIS_Test_Component:1.0) from (Rev. 3) to (Rev. 4)

