Copyright 1986-2018 Xilinx, Inc. All Rights Reserved.
-------------------------------------------------------------------------------------------------------
| Tool Version : Vivado v.2018.1 (lin64) Build 2188600 Wed Apr  4 18:39:19 MDT 2018
| Date         : Tue Sep 25 13:17:09 2018
| Host         : idlab52-OptiPlex-790 running 64-bit Ubuntu 14.04.5 LTS
| Command      : report_control_sets -verbose -file prototype_watchman_wrapper_control_sets_placed.rpt
| Design       : prototype_watchman_wrapper
| Device       : xc7z010
-------------------------------------------------------------------------------------------------------

Control Set Information

Table of Contents
-----------------
1. Summary
2. Histogram
3. Flip-Flop Distribution
4. Detailed Control Set Information

1. Summary
----------

+----------------------------------------------------------+-------+
|                          Status                          | Count |
+----------------------------------------------------------+-------+
| Number of unique control sets                            |    71 |
| Unused register locations in slices containing registers |    66 |
+----------------------------------------------------------+-------+


2. Histogram
------------

+--------+--------------+
| Fanout | Control Sets |
+--------+--------------+
|      2 |            1 |
|      4 |            7 |
|      5 |            1 |
|      6 |            1 |
|      8 |           45 |
|     13 |            1 |
|     14 |            2 |
|    16+ |           13 |
+--------+--------------+


3. Flip-Flop Distribution
-------------------------

+--------------+-----------------------+------------------------+-----------------+--------------+
| Clock Enable | Synchronous Set/Reset | Asynchronous Set/Reset | Total Registers | Total Slices |
+--------------+-----------------------+------------------------+-----------------+--------------+
| No           | No                    | No                     |             269 |           79 |
| No           | No                    | Yes                    |               0 |            0 |
| No           | Yes                   | No                     |              77 |           29 |
| Yes          | No                    | No                     |             294 |           77 |
| Yes          | No                    | Yes                    |               0 |            0 |
| Yes          | Yes                   | No                     |             382 |          107 |
+--------------+-----------------------+------------------------+-----------------+--------------+


4. Detailed Control Set Information
-----------------------------------

+-----------------------------------------------------------+--------------------------------------------------------------------------------------------------------------------------------------------------------------------------+------------------------------------------------------------------------------------------------------------------------------------------------------+------------------+----------------+
|                        Clock Signal                       |                                                                               Enable Signal                                                                              |                                                                   Set/Reset Signal                                                                   | Slice Load Count | Bel Load Count |
+-----------------------------------------------------------+--------------------------------------------------------------------------------------------------------------------------------------------------------------------------+------------------------------------------------------------------------------------------------------------------------------------------------------+------------------+----------------+
|  prototype_watchman_i/processing_system7_0/inst/FCLK_CLK0 | prototype_watchman_i/ps7_0_axi_periph/s00_couplers/auto_pc/inst/gen_axilite.gen_b2s_conv.axilite_b2s/WR.b_channel_0/bid_fifo_0/bresp_push                                |                                                                                                                                                      |                1 |              2 |
|  prototype_watchman_i/processing_system7_0/inst/FCLK_CLK0 |                                                                                                                                                                          | prototype_watchman_i/rst_ps7_0_100M/U0/EXT_LPF/lpf_int                                                                                               |                3 |              4 |
|  prototype_watchman_i/processing_system7_0/inst/FCLK_CLK0 | prototype_watchman_i/ps7_0_axi_periph/s00_couplers/auto_pc/inst/gen_axilite.gen_b2s_conv.axilite_b2s/RD.ar_channel_0/ar_cmd_fsm_0/E[0]                                   | prototype_watchman_i/ps7_0_axi_periph/s00_couplers/auto_pc/inst/gen_axilite.gen_b2s_conv.axilite_b2s/RD.ar_channel_0/ar_cmd_fsm_0/axlen_cnt_reg[7]   |                1 |              4 |
|  prototype_watchman_i/processing_system7_0/inst/FCLK_CLK0 | prototype_watchman_i/ten_reg_map_0/U0/ten_reg_map_v1_0_S00_AXI_inst/axi_awready0                                                                                         | prototype_watchman_i/ten_reg_map_0/U0/axi_awready_i_1_n_0                                                                                            |                1 |              4 |
|  prototype_watchman_i/processing_system7_0/inst/FCLK_CLK0 | prototype_watchman_i/ten_reg_map_0/U0/ten_reg_map_v1_0_S00_AXI_inst/axi_arready0                                                                                         | prototype_watchman_i/ten_reg_map_0/U0/axi_awready_i_1_n_0                                                                                            |                2 |              4 |
|  prototype_watchman_i/processing_system7_0/inst/FCLK_CLK0 | prototype_watchman_i/ps7_0_axi_periph/s00_couplers/auto_pc/inst/gen_axilite.gen_b2s_conv.axilite_b2s/WR.aw_channel_0/aw_cmd_fsm_0/axaddr_wrap_reg[11][0]                 | prototype_watchman_i/ps7_0_axi_periph/s00_couplers/auto_pc/inst/gen_axilite.gen_b2s_conv.axilite_b2s/WR.aw_channel_0/aw_cmd_fsm_0/axlen_cnt_reg[7]_1 |                1 |              4 |
|  prototype_watchman_i/processing_system7_0/inst/FCLK_CLK0 |                                                                                                                                                                          | prototype_watchman_i/ps7_0_axi_periph/s00_couplers/auto_pc/inst/gen_axilite.gen_b2s_conv.axilite_b2s/SI_REG/ar.ar_pipe/m_valid_i_reg_0               |                4 |              4 |
|  prototype_watchman_i/processing_system7_0/inst/FCLK_CLK0 |                                                                                                                                                                          | prototype_watchman_i/ps7_0_axi_periph/s00_couplers/auto_pc/inst/gen_axilite.gen_b2s_conv.axilite_b2s/SI_REG/aw.aw_pipe/s_ready_i_reg_0               |                4 |              4 |
|  prototype_watchman_i/processing_system7_0/inst/FCLK_CLK0 |                                                                                                                                                                          | prototype_watchman_i/ten_reg_map_0/U0/axi_awready_i_1_n_0                                                                                            |                3 |              5 |
|  prototype_watchman_i/processing_system7_0/inst/FCLK_CLK0 | prototype_watchman_i/rst_ps7_0_100M/U0/SEQ/seq_cnt_en                                                                                                                    | prototype_watchman_i/rst_ps7_0_100M/U0/SEQ/SEQ_COUNTER/clear                                                                                         |                1 |              6 |
|  prototype_watchman_i/processing_system7_0/inst/FCLK_CLK0 | prototype_watchman_i/ten_reg_map_0/U0/ten_reg_map_v1_0_S00_AXI_inst/slv_reg6[15]_i_1_n_0                                                                                 | prototype_watchman_i/ten_reg_map_0/U0/axi_awready_i_1_n_0                                                                                            |                1 |              8 |
|  prototype_watchman_i/processing_system7_0/inst/FCLK_CLK0 | prototype_watchman_i/ten_reg_map_0/U0/ten_reg_map_v1_0_S00_AXI_inst/slv_reg5[31]_i_1_n_0                                                                                 | prototype_watchman_i/ten_reg_map_0/U0/axi_awready_i_1_n_0                                                                                            |                2 |              8 |
|  prototype_watchman_i/processing_system7_0/inst/FCLK_CLK0 | prototype_watchman_i/ten_reg_map_0/U0/ten_reg_map_v1_0_S00_AXI_inst/slv_reg6[23]_i_1_n_0                                                                                 | prototype_watchman_i/ten_reg_map_0/U0/axi_awready_i_1_n_0                                                                                            |                2 |              8 |
|  prototype_watchman_i/processing_system7_0/inst/FCLK_CLK0 | prototype_watchman_i/ten_reg_map_0/U0/ten_reg_map_v1_0_S00_AXI_inst/slv_reg9[31]_i_1_n_0                                                                                 | prototype_watchman_i/ten_reg_map_0/U0/axi_awready_i_1_n_0                                                                                            |                1 |              8 |
|  prototype_watchman_i/processing_system7_0/inst/FCLK_CLK0 | prototype_watchman_i/ten_reg_map_0/U0/ten_reg_map_v1_0_S00_AXI_inst/slv_reg7[7]_i_1_n_0                                                                                  | prototype_watchman_i/ten_reg_map_0/U0/axi_awready_i_1_n_0                                                                                            |                2 |              8 |
|  prototype_watchman_i/processing_system7_0/inst/FCLK_CLK0 | prototype_watchman_i/ten_reg_map_0/U0/ten_reg_map_v1_0_S00_AXI_inst/slv_reg6[31]_i_1_n_0                                                                                 | prototype_watchman_i/ten_reg_map_0/U0/axi_awready_i_1_n_0                                                                                            |                2 |              8 |
|  prototype_watchman_i/processing_system7_0/inst/FCLK_CLK0 | prototype_watchman_i/ten_reg_map_0/U0/ten_reg_map_v1_0_S00_AXI_inst/slv_reg6[7]_i_1_n_0                                                                                  | prototype_watchman_i/ten_reg_map_0/U0/axi_awready_i_1_n_0                                                                                            |                1 |              8 |
|  prototype_watchman_i/processing_system7_0/inst/FCLK_CLK0 | prototype_watchman_i/ten_reg_map_0/U0/ten_reg_map_v1_0_S00_AXI_inst/slv_reg7[15]_i_1_n_0                                                                                 | prototype_watchman_i/ten_reg_map_0/U0/axi_awready_i_1_n_0                                                                                            |                2 |              8 |
|  prototype_watchman_i/processing_system7_0/inst/FCLK_CLK0 | prototype_watchman_i/ten_reg_map_0/U0/ten_reg_map_v1_0_S00_AXI_inst/slv_reg7[23]_i_1_n_0                                                                                 | prototype_watchman_i/ten_reg_map_0/U0/axi_awready_i_1_n_0                                                                                            |                3 |              8 |
|  prototype_watchman_i/processing_system7_0/inst/FCLK_CLK0 | prototype_watchman_i/ten_reg_map_0/U0/ten_reg_map_v1_0_S00_AXI_inst/slv_reg7[31]_i_1_n_0                                                                                 | prototype_watchman_i/ten_reg_map_0/U0/axi_awready_i_1_n_0                                                                                            |                1 |              8 |
|  prototype_watchman_i/processing_system7_0/inst/FCLK_CLK0 | prototype_watchman_i/ten_reg_map_0/U0/ten_reg_map_v1_0_S00_AXI_inst/slv_reg8[31]_i_1_n_0                                                                                 | prototype_watchman_i/ten_reg_map_0/U0/axi_awready_i_1_n_0                                                                                            |                2 |              8 |
|  prototype_watchman_i/processing_system7_0/inst/FCLK_CLK0 | prototype_watchman_i/ten_reg_map_0/U0/ten_reg_map_v1_0_S00_AXI_inst/slv_reg8[15]_i_1_n_0                                                                                 | prototype_watchman_i/ten_reg_map_0/U0/axi_awready_i_1_n_0                                                                                            |                1 |              8 |
|  prototype_watchman_i/processing_system7_0/inst/FCLK_CLK0 | prototype_watchman_i/ten_reg_map_0/U0/ten_reg_map_v1_0_S00_AXI_inst/slv_reg8[23]_i_1_n_0                                                                                 | prototype_watchman_i/ten_reg_map_0/U0/axi_awready_i_1_n_0                                                                                            |                2 |              8 |
|  prototype_watchman_i/processing_system7_0/inst/FCLK_CLK0 | prototype_watchman_i/ten_reg_map_0/U0/ten_reg_map_v1_0_S00_AXI_inst/slv_reg8[7]_i_1_n_0                                                                                  | prototype_watchman_i/ten_reg_map_0/U0/axi_awready_i_1_n_0                                                                                            |                3 |              8 |
|  prototype_watchman_i/processing_system7_0/inst/FCLK_CLK0 | prototype_watchman_i/ten_reg_map_0/U0/ten_reg_map_v1_0_S00_AXI_inst/slv_reg9[15]_i_1_n_0                                                                                 | prototype_watchman_i/ten_reg_map_0/U0/axi_awready_i_1_n_0                                                                                            |                2 |              8 |
|  prototype_watchman_i/processing_system7_0/inst/FCLK_CLK0 | prototype_watchman_i/ten_reg_map_0/U0/ten_reg_map_v1_0_S00_AXI_inst/slv_reg9[23]_i_1_n_0                                                                                 | prototype_watchman_i/ten_reg_map_0/U0/axi_awready_i_1_n_0                                                                                            |                3 |              8 |
|  prototype_watchman_i/processing_system7_0/inst/FCLK_CLK0 | prototype_watchman_i/ten_reg_map_0/U0/ten_reg_map_v1_0_S00_AXI_inst/slv_reg9[7]_i_1_n_0                                                                                  | prototype_watchman_i/ten_reg_map_0/U0/axi_awready_i_1_n_0                                                                                            |                1 |              8 |
|  prototype_watchman_i/processing_system7_0/inst/FCLK_CLK0 | prototype_watchman_i/ten_reg_map_0/U0/ten_reg_map_v1_0_S00_AXI_inst/p_1_in[31]                                                                                           | prototype_watchman_i/ten_reg_map_0/U0/axi_awready_i_1_n_0                                                                                            |                1 |              8 |
|  prototype_watchman_i/processing_system7_0/inst/FCLK_CLK0 | prototype_watchman_i/ten_reg_map_0/U0/ten_reg_map_v1_0_S00_AXI_inst/p_1_in[23]                                                                                           | prototype_watchman_i/ten_reg_map_0/U0/axi_awready_i_1_n_0                                                                                            |                1 |              8 |
|  prototype_watchman_i/processing_system7_0/inst/FCLK_CLK0 | prototype_watchman_i/ten_reg_map_0/U0/ten_reg_map_v1_0_S00_AXI_inst/p_1_in[7]                                                                                            | prototype_watchman_i/ten_reg_map_0/U0/axi_awready_i_1_n_0                                                                                            |                1 |              8 |
|  prototype_watchman_i/processing_system7_0/inst/FCLK_CLK0 | prototype_watchman_i/ten_reg_map_0/U0/ten_reg_map_v1_0_S00_AXI_inst/p_1_in[15]                                                                                           | prototype_watchman_i/ten_reg_map_0/U0/axi_awready_i_1_n_0                                                                                            |                1 |              8 |
|  prototype_watchman_i/processing_system7_0/inst/FCLK_CLK0 | prototype_watchman_i/ps7_0_axi_periph/s00_couplers/auto_pc/inst/gen_axilite.gen_b2s_conv.axilite_b2s/WR.aw_channel_0/cmd_translator_0/incr_cmd_0/axaddr_incr[11]_i_1_n_0 |                                                                                                                                                      |                2 |              8 |
|  prototype_watchman_i/processing_system7_0/inst/FCLK_CLK0 | prototype_watchman_i/ps7_0_axi_periph/s00_couplers/auto_pc/inst/gen_axilite.gen_b2s_conv.axilite_b2s/WR.aw_channel_0/aw_cmd_fsm_0/E[0]                                   |                                                                                                                                                      |                3 |              8 |
|  prototype_watchman_i/processing_system7_0/inst/FCLK_CLK0 | prototype_watchman_i/ten_reg_map_0/U0/ten_reg_map_v1_0_S00_AXI_inst/slv_reg5[15]_i_1_n_0                                                                                 | prototype_watchman_i/ten_reg_map_0/U0/axi_awready_i_1_n_0                                                                                            |                2 |              8 |
|  prototype_watchman_i/processing_system7_0/inst/FCLK_CLK0 | prototype_watchman_i/ps7_0_axi_periph/s00_couplers/auto_pc/inst/gen_axilite.gen_b2s_conv.axilite_b2s/WR.b_channel_0/mhandshake_r                                         | prototype_watchman_i/ps7_0_axi_periph/s00_couplers/auto_pc/inst/gen_axilite.gen_b2s_conv.axilite_b2s/WR.b_channel_0/bid_fifo_0/SR[0]                 |                3 |              8 |
|  prototype_watchman_i/processing_system7_0/inst/FCLK_CLK0 | prototype_watchman_i/ps7_0_axi_periph/s00_couplers/auto_pc/inst/gen_axilite.gen_b2s_conv.axilite_b2s/RD.ar_channel_0/ar_cmd_fsm_0/wrap_boundary_axaddr_r_reg[11][0]      |                                                                                                                                                      |                4 |              8 |
|  prototype_watchman_i/processing_system7_0/inst/FCLK_CLK0 | prototype_watchman_i/ps7_0_axi_periph/s00_couplers/auto_pc/inst/gen_axilite.gen_b2s_conv.axilite_b2s/RD.ar_channel_0/ar_cmd_fsm_0/axaddr_incr_reg[0][0]                  |                                                                                                                                                      |                3 |              8 |
|  prototype_watchman_i/processing_system7_0/inst/FCLK_CLK0 | prototype_watchman_i/ten_reg_map_0/U0/ten_reg_map_v1_0_S00_AXI_inst/slv_reg2[15]_i_1_n_0                                                                                 | prototype_watchman_i/ten_reg_map_0/U0/axi_awready_i_1_n_0                                                                                            |                3 |              8 |
|  prototype_watchman_i/processing_system7_0/inst/FCLK_CLK0 | prototype_watchman_i/ten_reg_map_0/U0/ten_reg_map_v1_0_S00_AXI_inst/slv_reg1[15]_i_1_n_0                                                                                 | prototype_watchman_i/ten_reg_map_0/U0/axi_awready_i_1_n_0                                                                                            |                1 |              8 |
|  prototype_watchman_i/processing_system7_0/inst/FCLK_CLK0 | prototype_watchman_i/ten_reg_map_0/U0/ten_reg_map_v1_0_S00_AXI_inst/slv_reg1[23]_i_1_n_0                                                                                 | prototype_watchman_i/ten_reg_map_0/U0/axi_awready_i_1_n_0                                                                                            |                2 |              8 |
|  prototype_watchman_i/processing_system7_0/inst/FCLK_CLK0 | prototype_watchman_i/ten_reg_map_0/U0/ten_reg_map_v1_0_S00_AXI_inst/slv_reg1[31]_i_1_n_0                                                                                 | prototype_watchman_i/ten_reg_map_0/U0/axi_awready_i_1_n_0                                                                                            |                1 |              8 |
|  prototype_watchman_i/processing_system7_0/inst/FCLK_CLK0 | prototype_watchman_i/ten_reg_map_0/U0/ten_reg_map_v1_0_S00_AXI_inst/slv_reg5[7]_i_1_n_0                                                                                  | prototype_watchman_i/ten_reg_map_0/U0/axi_awready_i_1_n_0                                                                                            |                2 |              8 |
|  prototype_watchman_i/processing_system7_0/inst/FCLK_CLK0 | prototype_watchman_i/ten_reg_map_0/U0/ten_reg_map_v1_0_S00_AXI_inst/slv_reg1[7]_i_1_n_0                                                                                  | prototype_watchman_i/ten_reg_map_0/U0/axi_awready_i_1_n_0                                                                                            |                1 |              8 |
|  prototype_watchman_i/processing_system7_0/inst/FCLK_CLK0 | prototype_watchman_i/ten_reg_map_0/U0/ten_reg_map_v1_0_S00_AXI_inst/slv_reg2[23]_i_1_n_0                                                                                 | prototype_watchman_i/ten_reg_map_0/U0/axi_awready_i_1_n_0                                                                                            |                1 |              8 |
|  prototype_watchman_i/processing_system7_0/inst/FCLK_CLK0 | prototype_watchman_i/ten_reg_map_0/U0/ten_reg_map_v1_0_S00_AXI_inst/slv_reg2[31]_i_1_n_0                                                                                 | prototype_watchman_i/ten_reg_map_0/U0/axi_awready_i_1_n_0                                                                                            |                2 |              8 |
|  prototype_watchman_i/processing_system7_0/inst/FCLK_CLK0 | prototype_watchman_i/ten_reg_map_0/U0/ten_reg_map_v1_0_S00_AXI_inst/slv_reg2[7]_i_1_n_0                                                                                  | prototype_watchman_i/ten_reg_map_0/U0/axi_awready_i_1_n_0                                                                                            |                1 |              8 |
|  prototype_watchman_i/processing_system7_0/inst/FCLK_CLK0 | prototype_watchman_i/ten_reg_map_0/U0/ten_reg_map_v1_0_S00_AXI_inst/slv_reg3[15]_i_1_n_0                                                                                 | prototype_watchman_i/ten_reg_map_0/U0/axi_awready_i_1_n_0                                                                                            |                1 |              8 |
|  prototype_watchman_i/processing_system7_0/inst/FCLK_CLK0 | prototype_watchman_i/ten_reg_map_0/U0/ten_reg_map_v1_0_S00_AXI_inst/slv_reg3[23]_i_1_n_0                                                                                 | prototype_watchman_i/ten_reg_map_0/U0/axi_awready_i_1_n_0                                                                                            |                3 |              8 |
|  prototype_watchman_i/processing_system7_0/inst/FCLK_CLK0 | prototype_watchman_i/ten_reg_map_0/U0/ten_reg_map_v1_0_S00_AXI_inst/slv_reg3[31]_i_1_n_0                                                                                 | prototype_watchman_i/ten_reg_map_0/U0/axi_awready_i_1_n_0                                                                                            |                2 |              8 |
|  prototype_watchman_i/processing_system7_0/inst/FCLK_CLK0 | prototype_watchman_i/ten_reg_map_0/U0/ten_reg_map_v1_0_S00_AXI_inst/slv_reg3[7]_i_1_n_0                                                                                  | prototype_watchman_i/ten_reg_map_0/U0/axi_awready_i_1_n_0                                                                                            |                2 |              8 |
|  prototype_watchman_i/processing_system7_0/inst/FCLK_CLK0 | prototype_watchman_i/ten_reg_map_0/U0/ten_reg_map_v1_0_S00_AXI_inst/slv_reg4[15]_i_1_n_0                                                                                 | prototype_watchman_i/ten_reg_map_0/U0/axi_awready_i_1_n_0                                                                                            |                2 |              8 |
|  prototype_watchman_i/processing_system7_0/inst/FCLK_CLK0 | prototype_watchman_i/ten_reg_map_0/U0/ten_reg_map_v1_0_S00_AXI_inst/slv_reg4[7]_i_1_n_0                                                                                  | prototype_watchman_i/ten_reg_map_0/U0/axi_awready_i_1_n_0                                                                                            |                2 |              8 |
|  prototype_watchman_i/processing_system7_0/inst/FCLK_CLK0 | prototype_watchman_i/ten_reg_map_0/U0/ten_reg_map_v1_0_S00_AXI_inst/slv_reg4[23]_i_1_n_0                                                                                 | prototype_watchman_i/ten_reg_map_0/U0/axi_awready_i_1_n_0                                                                                            |                1 |              8 |
|  prototype_watchman_i/processing_system7_0/inst/FCLK_CLK0 | prototype_watchman_i/ten_reg_map_0/U0/ten_reg_map_v1_0_S00_AXI_inst/slv_reg4[31]_i_1_n_0                                                                                 | prototype_watchman_i/ten_reg_map_0/U0/axi_awready_i_1_n_0                                                                                            |                1 |              8 |
|  prototype_watchman_i/processing_system7_0/inst/FCLK_CLK0 | prototype_watchman_i/ten_reg_map_0/U0/ten_reg_map_v1_0_S00_AXI_inst/slv_reg5[23]_i_1_n_0                                                                                 | prototype_watchman_i/ten_reg_map_0/U0/axi_awready_i_1_n_0                                                                                            |                1 |              8 |
|  prototype_watchman_i/processing_system7_0/inst/FCLK_CLK0 | prototype_watchman_i/ps7_0_axi_periph/s00_couplers/auto_pc/inst/gen_axilite.gen_b2s_conv.axilite_b2s/RD.r_channel_0/r_push_r                                             |                                                                                                                                                      |                4 |             13 |
|  prototype_watchman_i/processing_system7_0/inst/FCLK_CLK0 | prototype_watchman_i/ps7_0_axi_periph/s00_couplers/auto_pc/inst/gen_axilite.gen_b2s_conv.axilite_b2s/SI_REG/b.b_pipe/skid_buffer_reg[0]_0                                |                                                                                                                                                      |                5 |             14 |
|  prototype_watchman_i/processing_system7_0/inst/FCLK_CLK0 | prototype_watchman_i/ps7_0_axi_periph/s00_couplers/auto_pc/inst/gen_axilite.gen_b2s_conv.axilite_b2s/SI_REG/b.b_pipe/p_1_in                                              |                                                                                                                                                      |                5 |             14 |
|  prototype_watchman_i/processing_system7_0/inst/FCLK_CLK0 | prototype_watchman_i/ps7_0_axi_periph/s00_couplers/auto_pc/inst/gen_axilite.gen_b2s_conv.axilite_b2s/WR.aw_channel_0/aw_cmd_fsm_0/axaddr_wrap_reg[11][0]                 |                                                                                                                                                      |                6 |             16 |
|  prototype_watchman_i/processing_system7_0/inst/FCLK_CLK0 | prototype_watchman_i/ps7_0_axi_periph/s00_couplers/auto_pc/inst/gen_axilite.gen_b2s_conv.axilite_b2s/RD.ar_channel_0/ar_cmd_fsm_0/E[0]                                   |                                                                                                                                                      |                5 |             16 |
|  prototype_watchman_i/processing_system7_0/inst/FCLK_CLK0 | prototype_watchman_i/ps7_0_axi_periph/s00_couplers/auto_pc/inst/gen_axilite.gen_b2s_conv.axilite_b2s/WR.aw_channel_0/aw_cmd_fsm_0/b_push                                 |                                                                                                                                                      |                3 |             16 |
|  prototype_watchman_i/processing_system7_0/inst/FCLK_CLK0 | prototype_watchman_i/ps7_0_axi_periph/s00_couplers/auto_pc/inst/gen_axilite.gen_b2s_conv.axilite_b2s/RD.ar_channel_0/ar_cmd_fsm_0/m_payload_i_reg[0]_1[0]                |                                                                                                                                                      |                7 |             28 |
|  prototype_watchman_i/processing_system7_0/inst/FCLK_CLK0 | prototype_watchman_i/ps7_0_axi_periph/s00_couplers/auto_pc/inst/gen_axilite.gen_b2s_conv.axilite_b2s/WR.aw_channel_0/aw_cmd_fsm_0/m_payload_i_reg[0][0]                  |                                                                                                                                                      |                6 |             28 |
|  prototype_watchman_i/processing_system7_0/inst/FCLK_CLK0 | prototype_watchman_i/ps7_0_axi_periph/s00_couplers/auto_pc/inst/gen_axilite.gen_b2s_conv.axilite_b2s/SI_REG/aw.aw_pipe/s_axi_awready                                     |                                                                                                                                                      |                5 |             28 |
|  prototype_watchman_i/processing_system7_0/inst/FCLK_CLK0 | prototype_watchman_i/ps7_0_axi_periph/s00_couplers/auto_pc/inst/gen_axilite.gen_b2s_conv.axilite_b2s/SI_REG/ar.ar_pipe/s_axi_arready                                     |                                                                                                                                                      |                7 |             28 |
|  prototype_watchman_i/processing_system7_0/inst/FCLK_CLK0 | prototype_watchman_i/ps7_0_axi_periph/s00_couplers/auto_pc/inst/gen_axilite.gen_b2s_conv.axilite_b2s/RD.r_channel_0/rd_data_fifo_0/wr_en0                                |                                                                                                                                                      |                8 |             32 |
|  prototype_watchman_i/processing_system7_0/inst/FCLK_CLK0 | prototype_watchman_i/ten_reg_map_0/U0/ten_reg_map_v1_0_S00_AXI_inst/slv_reg_rden                                                                                         | prototype_watchman_i/ten_reg_map_0/U0/axi_awready_i_1_n_0                                                                                            |               32 |             32 |
|  prototype_watchman_i/processing_system7_0/inst/FCLK_CLK0 | prototype_watchman_i/ps7_0_axi_periph/s00_couplers/auto_pc/inst/gen_axilite.gen_b2s_conv.axilite_b2s/SI_REG/r.r_pipe/skid_buffer_reg[0]_0                                |                                                                                                                                                      |               10 |             45 |
|  prototype_watchman_i/processing_system7_0/inst/FCLK_CLK0 | prototype_watchman_i/ps7_0_axi_periph/s00_couplers/auto_pc/inst/gen_axilite.gen_b2s_conv.axilite_b2s/SI_REG/r.r_pipe/p_1_in                                              |                                                                                                                                                      |                9 |             45 |
|  prototype_watchman_i/processing_system7_0/inst/FCLK_CLK0 |                                                                                                                                                                          | prototype_watchman_i/ps7_0_axi_periph/s00_couplers/auto_pc/inst/gen_axilite.gen_b2s_conv.axilite_b2s/areset_d1                                       |               15 |             60 |
|  prototype_watchman_i/processing_system7_0/inst/FCLK_CLK0 |                                                                                                                                                                          |                                                                                                                                                      |               80 |            270 |
+-----------------------------------------------------------+--------------------------------------------------------------------------------------------------------------------------------------------------------------------------+------------------------------------------------------------------------------------------------------------------------------------------------------+------------------+----------------+


